<?xml version="1.0" encoding="UTF-8"?>
<robot generator="Robot 7.2.2 (Python 3.13.2 on win32)" generated="2025-02-23T14:16:06.388011" rpa="false" schemaversion="5">
<suite id="s1" name="Regression Test" source="C:\Users\HP\PycharmProjects\SCB_Automation_Framework\tests\regression\regression_test.robot">
<test id="s1-t1" name="Regression Test" line="13">
<kw name="Open Application" owner="appium_keywords">
<msg time="2025-02-23T14:16:06.654176" level="FAIL">AttributeError: 'NoneType' object has no attribute 'to_capabilities'</msg>
<var>${driver}</var>
<arg>${APP_PATH}</arg>
<arg>${DEVICE_NAME}</arg>
<arg>${PLATFORM_VERSION}</arg>
<status status="FAIL" start="2025-02-23T14:16:06.653442" elapsed="0.008238">AttributeError: 'NoneType' object has no attribute 'to_capabilities'</status>
</kw>
<kw name="Sleep" owner="BuiltIn">
<arg>2</arg>
<doc>Pauses the test executed for the given time.</doc>
<status status="NOT RUN" start="2025-02-23T14:16:06.662039" elapsed="0.000146"/>
</kw>
<kw name="Close Application">
<arg>${driver}</arg>
<status status="NOT RUN" start="2025-02-23T14:16:06.662372" elapsed="0.000082"/>
</kw>
<doc>This test case launches and closes the app on Android device.</doc>
<status status="FAIL" start="2025-02-23T14:16:06.652324" elapsed="0.010350">AttributeError: 'NoneType' object has no attribute 'to_capabilities'</status>
</test>
<status status="FAIL" start="2025-02-23T14:16:06.403515" elapsed="0.259838"/>
</suite>
<statistics>
<total>
<stat pass="0" fail="1" skip="0">All Tests</stat>
</total>
<tag>
</tag>
<suite>
<stat name="Regression Test" id="s1" pass="0" fail="1" skip="0">Regression Test</stat>
</suite>
</statistics>
<errors>
</errors>
</robot>
